[debug] > Exec(early(addDefaultCommands), None, None)
[debug] > Exec(addDefaultCommands, None, None)
[debug] > Exec(early(initialize), None, None)
[debug] > Exec(initialize, None, None)
[debug] > Exec(boot, None, None)
[debug] > Exec(writeSbtVersion, None, None)
[debug] > Exec(reload, None, None)
[debug] > Exec(sbtStashOnFailure, None, None)
[debug] > Exec(onFailure loadFailed, None, None)
[debug] > Exec(loadp, None, None)
[info] welcome to sbt 1.4.7 (Oracle Corporation Java 15.0.2)
[debug]       Load.loadUnit: plugins took 255.7244ms
[debug]       Load.loadUnit: defsScala took 0.3775ms
[debug] [Loading] Scanning directory C:\Users\Mitsaki\.sbt\1.0\plugins
[debug] [Loading] Found non-root projects 
[debug] [Loading] Done in C:\Users\Mitsaki\.sbt\1.0\plugins, returning: ()
[debug] deducing auto plugins based on known facts Set(Atom(sbt.plugins.CorePlugin)) and clauses Clauses(List(Clause(Atom(sbt.plugins.JvmPlugin),Set(Atom(sbt.plugins.IvyPlugin))), Clause(Atom(sbt.ScriptedPlugin),Set(Atom(sbt.plugins.JvmPlugin))), Clause(Atom(sbt.plugins.SbtPlugin),Set(Atom(sbt.ScriptedPlugin))), Clause(Atom(sbt.plugins.SemanticdbPlugin),Set(Atom(sbt.plugins.JvmPlugin))), Clause(Atom(sbt.plugins.JUnitXmlReportPlugin),Set(Atom(sbt.plugins.JvmPlugin))), Clause(Atom(sbt.plugins.MiniDependencyTreePlugin),Set(Atom(sbt.plugins.JvmPlugin))), Clause(Atom(sbt.plugins.CorePlugin),Set(Atom(sbt.plugins.IvyPlugin))), Clause(Atom(sbt.plugins.IvyPlugin),Set(Atom(sbt.plugins.JvmPlugin))), Clause(Atom(sbt.plugins.JvmPlugin),Set(Atom(sbt.plugins.SemanticdbPlugin))), Clause(Atom(sbt.plugins.JvmPlugin),Set(Atom(sbt.plugins.JUnitXmlReportPlugin))), Clause(Atom(sbt.plugins.CorePlugin),Set(Atom(sbt.plugins.Giter8TemplatePlugin))), Clause(Atom(sbt.plugins.JvmPlugin),Set(Atom(sbt.plugins.MiniDependencyTreePlugin)))))
[debug]   :: deduced result: Matched(sbt.plugins.CorePlugin,sbt.plugins.Giter8TemplatePlugin,sbt.plugins.IvyPlugin,sbt.plugins.JvmPlugin,sbt.plugins.MiniDependencyTreePlugin,sbt.plugins.JUnitXmlReportPlugin,sbt.plugins.SemanticdbPlugin)
[debug] Plugins.deducer#function took 44.5674 ms
[debug]           Load.resolveProject(global-plugins) took 91.2413ms
[debug]         Load.loadTransitive: finalizeProject(Project(id global-plugins, base: C:\Users\Mitsaki\.sbt\1.0\plugins, plugins: List(<none>))) took 194.1642ms
[debug] [Loading] Done in C:\Users\Mitsaki\.sbt\1.0\plugins, returning: (global-plugins)
[debug]       Load.loadUnit: loadedProjectsRaw took 248.521ms
[debug]       Load.loadUnit: cleanEvalClasses took 0.5322ms
[debug]     Load.loadUnit(file:/C:/Users/Mitsaki/.sbt/1.0/plugins/, ...) took 528.405ms
[debug]   Load.apply: load took 977.1911ms
[debug]   Load.apply: resolveProjects took 11.7889ms
[debug]   Load.apply: finalTransforms took 174.5121ms
[debug]   Load.apply: config.delegates took 24.9941ms
[debug]   Load.apply: Def.make(settings)... took 7474.9746ms
[debug]   Load.apply: structureIndex took 278.9183ms
[debug]   Load.apply: mkStreams took 3.797ms
[info] loading global plugins from C:\Users\Mitsaki\.sbt\1.0\plugins
[debug] Running task... Cancel: Signal, check cycles: false, forcegc: true
[debug] Load.defaultLoad until apply took 12854.1722ms
[debug]           Load.loadUnit: plugins took 74.4786ms
[debug]           Load.loadUnit: defsScala took 0.0052ms
[debug] [Loading] Scanning directory D:\SimpleExamples\Huinya\project
[debug] [Loading] Found non-root projects 
[debug] [Loading] Done in D:\SimpleExamples\Huinya\project, returning: ()
[debug] deducing auto plugins based on known facts Set(Atom(sbt.plugins.CorePlugin)) and clauses Clauses(List(Clause(Atom(sbt.plugins.JvmPlugin),Set(Atom(sbt.plugins.IvyPlugin))), Clause(Atom(sbt.ScriptedPlugin),Set(Atom(sbt.plugins.JvmPlugin))), Clause(Atom(sbt.plugins.SbtPlugin),Set(Atom(sbt.ScriptedPlugin))), Clause(Atom(sbt.plugins.SemanticdbPlugin),Set(Atom(sbt.plugins.JvmPlugin))), Clause(Atom(sbt.plugins.JUnitXmlReportPlugin),Set(Atom(sbt.plugins.JvmPlugin))), Clause(Atom(sbt.plugins.MiniDependencyTreePlugin),Set(Atom(sbt.plugins.JvmPlugin))), Clause(Atom(sbt.plugins.CorePlugin),Set(Atom(sbt.plugins.IvyPlugin))), Clause(Atom(sbt.plugins.IvyPlugin),Set(Atom(sbt.plugins.JvmPlugin))), Clause(Atom(sbt.plugins.JvmPlugin),Set(Atom(sbt.plugins.SemanticdbPlugin))), Clause(Atom(sbt.plugins.JvmPlugin),Set(Atom(sbt.plugins.JUnitXmlReportPlugin))), Clause(Atom(sbt.plugins.CorePlugin),Set(Atom(sbt.plugins.Giter8TemplatePlugin))), Clause(Atom(sbt.plugins.JvmPlugin),Set(Atom(sbt.plugins.MiniDependencyTreePlugin)))))
[debug]   :: deduced result: Matched(sbt.plugins.CorePlugin,sbt.plugins.Giter8TemplatePlugin,sbt.plugins.IvyPlugin,sbt.plugins.JvmPlugin,sbt.plugins.MiniDependencyTreePlugin,sbt.plugins.JUnitXmlReportPlugin,sbt.plugins.SemanticdbPlugin)
[debug] Plugins.deducer#function took 6.9052 ms
[debug]               Load.resolveProject(huinya-build) took 3.813ms
[debug]             Load.loadTransitive: finalizeProject(Project(id huinya-build, base: D:\SimpleExamples\Huinya\project, plugins: List(<none>))) took 11.5546ms
[debug] [Loading] Done in D:\SimpleExamples\Huinya\project, returning: (huinya-build)
[debug]           Load.loadUnit: loadedProjectsRaw took 16.2698ms
[debug]           Load.loadUnit: cleanEvalClasses took 0.0109ms
[debug]         Load.loadUnit(file:/D:/SimpleExamples/Huinya/project/, ...) took 92.4752ms
[debug]       Load.apply: load took 95.4205ms
[debug]       Load.apply: resolveProjects took 0.2865ms
[debug]       Load.apply: finalTransforms took 57.5698ms
[debug]       Load.apply: config.delegates took 1.5011ms
[debug]       Load.apply: Def.make(settings)... took 264.6712ms
[debug]       Load.apply: structureIndex took 101.3999ms
[debug]       Load.apply: mkStreams took 0.0036ms
[info] loading project definition from D:\SimpleExamples\Huinya\project
[debug] Running task... Cancel: Signal, check cycles: false, forcegc: true
[debug]     Load.loadUnit: plugins took 983.3967ms
[debug]     Load.loadUnit: defsScala took 0.0044ms
[debug] [Loading] Scanning directory D:\SimpleExamples\Huinya
[debug]       Load.loadUnit: mkEval took 13.3007ms
[debug] [Loading] Found non-root projects 
[debug] [Loading] Done in D:\SimpleExamples\Huinya, returning: ()
[debug] deducing auto plugins based on known facts Set(Atom(sbt.plugins.CorePlugin)) and clauses Clauses(List(Clause(Atom(sbt.plugins.JvmPlugin),Set(Atom(sbt.plugins.IvyPlugin))), Clause(Atom(sbt.ScriptedPlugin),Set(Atom(sbt.plugins.JvmPlugin))), Clause(Atom(sbt.plugins.SbtPlugin),Set(Atom(sbt.ScriptedPlugin))), Clause(Atom(sbt.plugins.SemanticdbPlugin),Set(Atom(sbt.plugins.JvmPlugin))), Clause(Atom(sbt.plugins.JUnitXmlReportPlugin),Set(Atom(sbt.plugins.JvmPlugin))), Clause(Atom(sbt.plugins.MiniDependencyTreePlugin),Set(Atom(sbt.plugins.JvmPlugin))), Clause(Atom(sbt.plugins.CorePlugin),Set(Atom(sbt.plugins.IvyPlugin))), Clause(Atom(sbt.plugins.IvyPlugin),Set(Atom(sbt.plugins.JvmPlugin))), Clause(Atom(sbt.plugins.JvmPlugin),Set(Atom(sbt.plugins.SemanticdbPlugin))), Clause(Atom(sbt.plugins.JvmPlugin),Set(Atom(sbt.plugins.JUnitXmlReportPlugin))), Clause(Atom(sbt.plugins.CorePlugin),Set(Atom(sbt.plugins.Giter8TemplatePlugin))), Clause(Atom(sbt.plugins.JvmPlugin),Set(Atom(sbt.plugins.MiniDependencyTreePlugin)))))
[debug]   :: deduced result: Matched(sbt.plugins.CorePlugin,sbt.plugins.Giter8TemplatePlugin,sbt.plugins.IvyPlugin,sbt.plugins.JvmPlugin,sbt.plugins.MiniDependencyTreePlugin,sbt.plugins.JUnitXmlReportPlugin,sbt.plugins.SemanticdbPlugin)
[debug] Plugins.deducer#function took 5.3354 ms
[info] loading settings for project huinya from build.sbt ...
[debug]         Load.resolveProject(huinya) took 6.1732ms
[debug]       Load.loadTransitive: finalizeProject(Project(id huinya, base: D:\SimpleExamples\Huinya, plugins: List(<none>))) took 12.2409ms
[debug] [Loading] Done in D:\SimpleExamples\Huinya, returning: (huinya)
[debug]     Load.loadUnit: loadedProjectsRaw took 444.4796ms
[debug]     Load.loadUnit: cleanEvalClasses took 67.7372ms
[debug]   Load.loadUnit(file:/D:/SimpleExamples/Huinya/, ...) took 1496.8403ms
[debug] Load.apply: load took 1502.2999ms
[debug] Load.apply: resolveProjects took 0.2121ms
[debug] Load.apply: finalTransforms took 39.6724ms
[debug] Load.apply: config.delegates took 2.6116ms
[debug] Load.apply: Def.make(settings)... took 362.4284ms
[debug] Load.apply: structureIndex took 141.9026ms
[debug] Load.apply: mkStreams took 0.0051ms
[info] set current project to Huinya (in build file:/D:/SimpleExamples/Huinya/)
[debug] > Exec(sbtPopOnFailure, None, None)
[debug] > Exec(resumeFromFailure, None, None)
[debug] > Exec(notifyUsersAboutShell, None, None)
[debug] > Exec(iflast shell, None, None)
[debug] > Exec(shell, None, None)
[info] sbt server started at local:sbt-server-e1dd8acc6435418752fe
[info] started sbt server
