[debug] > Exec(early(addDefaultCommands), None, None)
[debug] > Exec(addDefaultCommands, None, None)
[debug] > Exec(early(initialize), None, None)
[debug] > Exec(initialize, None, None)
[debug] > Exec(early(addPluginSbtFile="""C:\Temp\idea.sbt"""), None, None)
[debug] > Exec(addPluginSbtFile="""C:\Temp\idea.sbt""", None, None)
[debug] > Exec(boot, None, None)
[debug] > Exec(writeSbtVersion, None, None)
[debug] > Exec(reload, None, None)
[debug] > Exec(sbtStashOnFailure, None, None)
[debug] > Exec(onFailure loadFailed, None, None)
[debug] > Exec(loadp, None, None)
[info] welcome to sbt 1.5.2 (Oracle Corporation Java 15.0.2)
[debug]       Load.loadUnit: plugins took 293.8736ms
[debug]       Load.loadUnit: defsScala took 0.355ms
[debug] [Loading] Scanning directory C:\Users\Mitsaki\.sbt\1.0\plugins
[debug] [Loading] Found non-root projects 
[debug] [Loading] Done in C:\Users\Mitsaki\.sbt\1.0\plugins, returning: ()
[debug] deducing auto plugins based on known facts Set(Atom(sbt.plugins.CorePlugin)) and clauses Clauses(Clause(Atom(sbt.plugins.JvmPlugin),Set(Atom(sbt.plugins.IvyPlugin)))
[debug] Clause(Atom(sbt.ScriptedPlugin),Set(Atom(sbt.plugins.JvmPlugin)))
[debug] Clause(Atom(sbt.plugins.SbtPlugin),Set(Atom(sbt.ScriptedPlugin)))
[debug] Clause(Atom(sbt.plugins.SemanticdbPlugin),Set(Atom(sbt.plugins.JvmPlugin)))
[debug] Clause(Atom(sbt.plugins.JUnitXmlReportPlugin),Set(Atom(sbt.plugins.JvmPlugin)))
[debug] Clause(Atom(sbt.plugins.MiniDependencyTreePlugin),Set(Atom(sbt.plugins.JvmPlugin)))
[debug] Clause(Atom(sbt.plugins.CorePlugin),Set(Atom(sbt.plugins.IvyPlugin)))
[debug] Clause(Atom(sbt.plugins.IvyPlugin),Set(Atom(sbt.plugins.JvmPlugin)))
[debug] Clause(Atom(sbt.plugins.JvmPlugin),Set(Atom(sbt.plugins.SemanticdbPlugin)))
[debug] Clause(Atom(sbt.plugins.JvmPlugin),Set(Atom(sbt.plugins.JUnitXmlReportPlugin)))
[debug] Clause(Atom(sbt.plugins.CorePlugin),Set(Atom(sbt.plugins.Giter8TemplatePlugin)))
[debug] Clause(Atom(sbt.plugins.JvmPlugin),Set(Atom(sbt.plugins.MiniDependencyTreePlugin))))
[debug]   :: deduced result: Matched(sbt.plugins.CorePlugin,sbt.plugins.Giter8TemplatePlugin,sbt.plugins.IvyPlugin,sbt.plugins.JvmPlugin,sbt.plugins.MiniDependencyTreePlugin,sbt.plugins.JUnitXmlReportPlugin,sbt.plugins.SemanticdbPlugin)
[debug] Plugins.deducer#function took 25.1253 ms
[debug]           Load.resolveProject(global-plugins) took 169.0215ms
[debug]         Load.loadTransitive: finalizeProject(Project(id global-plugins, base: C:\Users\Mitsaki\.sbt\1.0\plugins, plugins: List(<none>))) took 308.2843ms
[debug] [Loading] Done in C:\Users\Mitsaki\.sbt\1.0\plugins, returning: (global-plugins)
[debug]       Load.loadUnit: loadedProjectsRaw took 370.694ms
[debug]       Load.loadUnit: cleanEvalClasses took 0.3819ms
[debug]     Load.loadUnit(file:/C:/Users/Mitsaki/.sbt/1.0/plugins/, ...) took 717.6264ms
[debug]   Load.apply: load took 1491.3223ms
[debug]   Load.apply: resolveProjects took 12.4917ms
[debug]   Load.apply: finalTransforms took 109.2576ms
[debug]   Load.apply: config.delegates took 12.6814ms
[debug]   Load.apply: Def.make(settings)... took 796.5558ms
[debug]   Load.apply: structureIndex took 274.4323ms
[debug]   Load.apply: mkStreams took 2.8484ms
[info] loading global plugins from C:\Users\Mitsaki\.sbt\1.0\plugins
[debug] Running task... Cancel: Signal, check cycles: false, forcegc: true
[debug] Load.defaultLoad until apply took 7582.5057ms
[debug]           Load.loadUnit: plugins took 44.975ms
[debug]           Load.loadUnit: defsScala took 0.0067ms
[debug] [Loading] Scanning directory D:\SimpleExamples\ActorExamples\project
[debug]             Load.loadUnit: mkEval took 14.1111ms
[debug] [Loading] Found non-root projects 
[debug] [Loading] Done in D:\SimpleExamples\ActorExamples\project, returning: ()
[debug] deducing auto plugins based on known facts Set(Atom(sbt.plugins.CorePlugin)) and clauses Clauses(Clause(Atom(sbt.plugins.JvmPlugin),Set(Atom(sbt.plugins.IvyPlugin)))
[debug] Clause(Atom(sbt.ScriptedPlugin),Set(Atom(sbt.plugins.JvmPlugin)))
[debug] Clause(Atom(sbt.plugins.SbtPlugin),Set(Atom(sbt.ScriptedPlugin)))
[debug] Clause(Atom(sbt.plugins.SemanticdbPlugin),Set(Atom(sbt.plugins.JvmPlugin)))
[debug] Clause(Atom(sbt.plugins.JUnitXmlReportPlugin),Set(Atom(sbt.plugins.JvmPlugin)))
[debug] Clause(Atom(sbt.plugins.MiniDependencyTreePlugin),Set(Atom(sbt.plugins.JvmPlugin)))
[debug] Clause(Atom(sbt.plugins.CorePlugin),Set(Atom(sbt.plugins.IvyPlugin)))
[debug] Clause(Atom(sbt.plugins.IvyPlugin),Set(Atom(sbt.plugins.JvmPlugin)))
[debug] Clause(Atom(sbt.plugins.JvmPlugin),Set(Atom(sbt.plugins.SemanticdbPlugin)))
[debug] Clause(Atom(sbt.plugins.JvmPlugin),Set(Atom(sbt.plugins.JUnitXmlReportPlugin)))
[debug] Clause(Atom(sbt.plugins.CorePlugin),Set(Atom(sbt.plugins.Giter8TemplatePlugin)))
[debug] Clause(Atom(sbt.plugins.JvmPlugin),Set(Atom(sbt.plugins.MiniDependencyTreePlugin))))
[debug]   :: deduced result: Matched(sbt.plugins.CorePlugin,sbt.plugins.Giter8TemplatePlugin,sbt.plugins.IvyPlugin,sbt.plugins.JvmPlugin,sbt.plugins.MiniDependencyTreePlugin,sbt.plugins.JUnitXmlReportPlugin,sbt.plugins.SemanticdbPlugin)
[debug] Plugins.deducer#function took 7.9153 ms
[info] loading settings for project actorexamples-build from idea.sbt ...
[debug]               Load.resolveProject(actorexamples-build) took 5.5939ms
[debug]             Load.loadTransitive: finalizeProject(Project(id actorexamples-build, base: D:\SimpleExamples\ActorExamples\project, plugins: List(<none>))) took 14.7007ms
[debug] [Loading] Done in D:\SimpleExamples\ActorExamples\project, returning: (actorexamples-build)
[debug]           Load.loadUnit: loadedProjectsRaw took 260.8016ms
[debug]           Load.loadUnit: cleanEvalClasses took 6.6975ms
[debug]         Load.loadUnit(file:/D:/SimpleExamples/ActorExamples/project/, ...) took 314.4054ms
[debug]       Load.apply: load took 317.1545ms
[debug]       Load.apply: resolveProjects took 0.1263ms
[debug]       Load.apply: finalTransforms took 21.2315ms
[debug]       Load.apply: config.delegates took 0.55ms
[debug]       Load.apply: Def.make(settings)... took 172.2196ms
[debug]       Load.apply: structureIndex took 88.4318ms
[debug]       Load.apply: mkStreams took 0.0026ms
[info] loading project definition from D:\SimpleExamples\ActorExamples\project
[debug] Running task... Cancel: Signal, check cycles: false, forcegc: true
[debug]     Load.loadUnit: plugins took 1493.1795ms
[debug]     Load.loadUnit: defsScala took 0.0042ms
[debug] [Loading] Scanning directory D:\SimpleExamples\ActorExamples
[debug]       Load.loadUnit: mkEval took 0.3088ms
[debug] [Loading] Found non-root projects 
[debug] [Loading] Done in D:\SimpleExamples\ActorExamples, returning: ()
[debug] deducing auto plugins based on known facts Set(Atom(sbt.plugins.CorePlugin)) and clauses Clauses(Clause(Atom(sbt.plugins.JvmPlugin),Set(Atom(sbt.plugins.IvyPlugin)))
[debug] Clause(Atom(sbt.ScriptedPlugin),Set(Atom(sbt.plugins.JvmPlugin)))
[debug] Clause(Atom(sbt.plugins.SbtPlugin),Set(Atom(sbt.ScriptedPlugin)))
[debug] Clause(Atom(sbt.plugins.SemanticdbPlugin),Set(Atom(sbt.plugins.JvmPlugin)))
[debug] Clause(Atom(sbt.plugins.JUnitXmlReportPlugin),Set(Atom(sbt.plugins.JvmPlugin)))
[debug] Clause(Atom(sbt.plugins.MiniDependencyTreePlugin),Set(Atom(sbt.plugins.JvmPlugin)))
[debug] Clause(Atom(org.jetbrains.sbt.StructurePlugin),Set(Atom(sbt.plugins.JvmPlugin)))
[debug] Clause(Atom(org.jetbrains.sbt.IdeaShellPlugin),Set(Atom(sbt.plugins.JvmPlugin)))
[debug] Clause(Atom(org.jetbrains.sbt.indices.SbtIntellijIndicesPlugin),Set(Atom(sbt.plugins.JvmPlugin)))
[debug] Clause(Atom(sbt.plugins.CorePlugin),Set(Atom(sbt.plugins.IvyPlugin)))
[debug] Clause(Atom(sbt.plugins.IvyPlugin),Set(Atom(sbt.plugins.JvmPlugin)))
[debug] Clause(Atom(sbt.plugins.JvmPlugin),Set(Atom(sbt.plugins.SemanticdbPlugin)))
[debug] Clause(Atom(sbt.plugins.JvmPlugin),Set(Atom(sbt.plugins.JUnitXmlReportPlugin)))
[debug] Clause(Atom(sbt.plugins.CorePlugin),Set(Atom(sbt.plugins.Giter8TemplatePlugin)))
[debug] Clause(Atom(sbt.plugins.JvmPlugin),Set(Atom(sbt.plugins.MiniDependencyTreePlugin)))
[debug] Clause(Atom(sbt.plugins.JvmPlugin),Set(Atom(org.jetbrains.sbt.StructurePlugin)))
[debug] Clause(Atom(sbt.plugins.JvmPlugin),Set(Atom(org.jetbrains.sbt.IdeaShellPlugin)))
[debug] Clause(And(Set(Atom(sbt.plugins.CorePlugin), Atom(sbt.plugins.JvmPlugin))),Set(Atom(org.jetbrains.sbt.indices.SbtIntellijIndicesPlugin))))
[debug]   :: deduced result: Matched(sbt.plugins.CorePlugin,sbt.plugins.Giter8TemplatePlugin,sbt.plugins.IvyPlugin,sbt.plugins.JvmPlugin,sbt.plugins.SemanticdbPlugin,org.jetbrains.sbt.indices.SbtIntellijIndicesPlugin,sbt.plugins.JUnitXmlReportPlugin,org.jetbrains.sbt.IdeaShellPlugin,org.jetbrains.sbt.StructurePlugin,sbt.plugins.MiniDependencyTreePlugin)
[debug] Plugins.deducer#function took 8.6256 ms
[info] loading settings for project actorexamples from build.sbt ...
[debug]         Load.resolveProject(actorexamples) took 91.7105ms
[debug]       Load.loadTransitive: finalizeProject(Project(id actorexamples, base: D:\SimpleExamples\ActorExamples, plugins: List(<none>))) took 102.0644ms
[debug] [Loading] Done in D:\SimpleExamples\ActorExamples, returning: (actorexamples)
[debug]     Load.loadUnit: loadedProjectsRaw took 425.9798ms
[debug]     Load.loadUnit: cleanEvalClasses took 38.5229ms
[debug]   Load.loadUnit(file:/D:/SimpleExamples/ActorExamples/, ...) took 1958.7406ms
[debug] Load.apply: load took 1961.9857ms
[debug] Load.apply: resolveProjects took 0.4148ms
[debug] Load.apply: finalTransforms took 56.1006ms
[debug] Load.apply: config.delegates took 0.6584ms
[debug] Load.apply: Def.make(settings)... took 173.3936ms
[debug] Load.apply: structureIndex took 65.2687ms
[debug] Load.apply: mkStreams took 0.0023ms
[info] set current project to ActorExamples (in build file:/D:/SimpleExamples/ActorExamples/)
[debug] > Exec(sbtPopOnFailure, None, None)
[debug] > Exec(resumeFromFailure, None, None)
[debug] > Exec(notifyUsersAboutShell, None, None)
[debug] > Exec(iflast shell, None, None)
[debug] > Exec(; set ideaPort in Global := 50410 ; idea-shell, None, None)
[debug] > Exec(set ideaPort in Global := 50410, None, None)
[info] Defining Global / ideaPort
[info] The new value will be used by Compile / compile, Test / compile
[debug] Defining 
[debug] 	Global / ideaPort
[debug] 
[debug] The new value will be used by 
[debug] 	Compile / compile
[debug] 	Test / compile
[info] Reapplying settings...
[info] set current project to ActorExamples (in build file:/D:/SimpleExamples/ActorExamples/)
[debug] > Exec(idea-shell, None, None)
